[2025-10-31T10:33:05.964Z] INFO: POST /auth/signup 201
[2025-10-31T10:33:18.207Z] INFO: POST /auth/login 200
[2025-10-31T10:33:49.245Z] WARN: GET /products 401
[2025-10-31T10:35:38.898Z] INFO: GET /products 200
[2025-10-31T10:35:46.723Z] WARN: POST /products 401
[2025-10-31T10:36:16.752Z] INFO: POST /auth/login 200
[2025-10-31T10:36:34.137Z] WARN: POST /products 500
[2025-10-31T10:42:06.882Z] WARN: POST /products 500
[2025-10-31T10:44:15.217Z] WARN: POST /products 404
[2025-10-31T10:44:41.660Z] WARN: POST /products 404
[2025-10-31T10:45:25.323Z] WARN: POST /products 400
[2025-10-31T10:45:34.324Z] WARN: POST /products 404
[2025-10-31T10:47:37.454Z] WARN: POST /products 404
[2025-10-31T10:47:45.791Z] WARN: POST /products 404
[2025-10-31T10:48:59.670Z] INFO: POST /products 201
[2025-10-31T10:49:42.780Z] INFO: POST /products 201
[2025-10-31T10:50:03.070Z] WARN: POST /products 400
[2025-10-31T10:50:16.387Z] INFO: POST /products 201
[2025-10-31T10:50:31.225Z] WARN: POST /products 500
[2025-10-31T10:58:07.274Z] WARN: POST /products 500
[2025-10-31T10:58:22.427Z] WARN: POST /products 500
[2025-10-31T10:59:03.086Z] WARN: POST /products 500
[2025-10-31T11:01:01.981Z] WARN: POST /products 500
[2025-10-31T11:03:16.212Z] WARN: POST /products 500
[2025-10-31T11:04:40.242Z] WARN: POST /products 500
[2025-10-31T11:05:26.661Z] WARN: POST /products 500
[2025-10-31T11:06:42.921Z] WARN: POST /products 500
[2025-10-31T11:07:11.330Z] WARN: POST /products 500
[2025-10-31T11:09:10.365Z] WARN: POST /products 500
[2025-10-31T11:09:21.466Z] WARN: POST /products 500
[2025-10-31T11:11:07.169Z] WARN: POST /products 500
[2025-10-31T11:18:30.617Z] WARN: POST /products 500
[2025-10-31T11:19:12.042Z] WARN: POST /products 500
[2025-10-31T11:19:49.567Z] INFO: POST /products 201
[2025-10-31T11:20:49.268Z] WARN: POST /products 400
[2025-10-31T11:20:55.335Z] WARN: POST /products 400
[2025-10-31T11:21:00.426Z] WARN: POST /products 500
[2025-10-31T11:21:18.909Z] INFO: POST /products 201
[2025-10-31T11:22:03.212Z] WARN: POST /products 400
[2025-10-31T11:22:09.454Z] INFO: POST /products 201
[2025-10-31T12:16:22.072Z] WARN: GET / 404
[2025-10-31T12:16:22.236Z] WARN: GET /favicon.ico 404
[2025-10-31T12:19:05.724Z] INFO: POST /auth/login 200
[2025-10-31T12:19:15.928Z] INFO: GET /products 200
[2025-10-31T12:39:31.863Z] WARN: POST /products 401
[2025-10-31T12:40:11.613Z] WARN: POST /products 401
[2025-10-31T13:08:01.681Z] WARN: POST /products 401
[2025-10-31T13:08:04.012Z] WARN: POST /products 401
[2025-10-31T13:08:33.645Z] WARN: POST /products 401
